/usr/lib/ruby/gems/2.4/gems/bundler-1.14.5/lib/bundler/runtime.rb:94:in `rescue in block (2 levels) in require': There was an error while trying to load the gem 'uglifier'. (Bundler::GemRequireError)
Gem Load Error is: Could not find a JavaScript runtime. See https://github.com/rails/execjs for a list of available runtimes.
Backtrace for gem load error is:
/usr/lib/ruby/gems/2.4/gems/execjs-2.7.0/lib/execjs/runtimes.rb:58:in `autodetect'
/usr/lib/ruby/gems/2.4/gems/execjs-2.7.0/lib/execjs.rb:5:in `<module:ExecJS>'
/usr/lib/ruby/gems/2.4/gems/execjs-2.7.0/lib/execjs.rb:4:in `<top (required)>'
/usr/lib/ruby/gems/2.4/gems/uglifier-3.1.5/lib/uglifier.rb:5:in `require'
/usr/lib/ruby/gems/2.4/gems/uglifier-3.1.5/lib/uglifier.rb:5:in `<top (required)>'
/usr/lib/ruby/gems/2.4/gems/bundler-1.14.5/lib/bundler/runtime.rb:91:in `require'
/usr/lib/ruby/gems/2.4/gems/bundler-1.14.5/lib/bundler/runtime.rb:91:in `block (2 levels) in require'
/usr/lib/ruby/gems/2.4/gems/bundler-1.14.5/lib/bundler/runtime.rb:86:in `each'
/usr/lib/ruby/gems/2.4/gems/bundler-1.14.5/lib/bundler/runtime.rb:86:in `block in require'
/usr/lib/ruby/gems/2.4/gems/bundler-1.14.5/lib/bundler/runtime.rb:75:in `each'
/usr/lib/ruby/gems/2.4/gems/bundler-1.14.5/lib/bundler/runtime.rb:75:in `require'
/usr/lib/ruby/gems/2.4/gems/bundler-1.14.5/lib/bundler.rb:107:in `require'
/home/nuko/build/vivacity/config/application.rb:7:in `<top (required)>'
/usr/lib/ruby/gems/2.4/gems/railties-5.0.2/lib/rails/commands/commands_tasks.rb:88:in `require'
/usr/lib/ruby/gems/2.4/gems/railties-5.0.2/lib/rails/commands/commands_tasks.rb:88:in `block in server'
/usr/lib/ruby/gems/2.4/gems/railties-5.0.2/lib/rails/commands/commands_tasks.rb:85:in `tap'
/usr/lib/ruby/gems/2.4/gems/railties-5.0.2/lib/rails/commands/commands_tasks.rb:85:in `server'
/usr/lib/ruby/gems/2.4/gems/railties-5.0.2/lib/rails/commands/commands_tasks.rb:49:in `run_command!'
/usr/lib/ruby/gems/2.4/gems/railties-5.0.2/lib/rails/commands.rb:18:in `<top (required)>'
/home/nuko/build/vivacity/bin/rails:9:in `require'
/home/nuko/build/vivacity/bin/rails:9:in `<top (required)>'
/usr/lib/ruby/gems/2.4/gems/spring-2.0.1/lib/spring/client/rails.rb:28:in `load'
/usr/lib/ruby/gems/2.4/gems/spring-2.0.1/lib/spring/client/rails.rb:28:in `call'
/usr/lib/ruby/gems/2.4/gems/spring-2.0.1/lib/spring/client/command.rb:7:in `call'
/usr/lib/ruby/gems/2.4/gems/spring-2.0.1/lib/spring/client.rb:30:in `run'
/usr/lib/ruby/gems/2.4/gems/spring-2.0.1/bin/spring:49:in `<top (required)>'
/usr/lib/ruby/gems/2.4/gems/spring-2.0.1/lib/spring/binstub.rb:31:in `load'
/usr/lib/ruby/gems/2.4/gems/spring-2.0.1/lib/spring/binstub.rb:31:in `<top (required)>'
/usr/lib/ruby/2.4/rubygems/core_ext/kernel_require.rb:68:in `require'
/usr/lib/ruby/2.4/rubygems/core_ext/kernel_require.rb:68:in `require'
/home/nuko/build/vivacity/bin/spring:15:in `<top (required)>'
bin/rails:3:in `load'
bin/rails:3:in `<main>'
Bundler Error Backtrace:
	from /usr/lib/ruby/gems/2.4/gems/bundler-1.14.5/lib/bundler/runtime.rb:90:in `block (2 levels) in require'
	from /usr/lib/ruby/gems/2.4/gems/bundler-1.14.5/lib/bundler/runtime.rb:86:in `each'
	from /usr/lib/ruby/gems/2.4/gems/bundler-1.14.5/lib/bundler/runtime.rb:86:in `block in require'
	from /usr/lib/ruby/gems/2.4/gems/bundler-1.14.5/lib/bundler/runtime.rb:75:in `each'
	from /usr/lib/ruby/gems/2.4/gems/bundler-1.14.5/lib/bundler/runtime.rb:75:in `require'
	from /usr/lib/ruby/gems/2.4/gems/bundler-1.14.5/lib/bundler.rb:107:in `require'
	from /home/nuko/build/vivacity/config/application.rb:7:in `<top (required)>'
	from /usr/lib/ruby/gems/2.4/gems/railties-5.0.2/lib/rails/commands/commands_tasks.rb:88:in `require'
	from /usr/lib/ruby/gems/2.4/gems/railties-5.0.2/lib/rails/commands/commands_tasks.rb:88:in `block in server'
	from /usr/lib/ruby/gems/2.4/gems/railties-5.0.2/lib/rails/commands/commands_tasks.rb:85:in `tap'
	from /usr/lib/ruby/gems/2.4/gems/railties-5.0.2/lib/rails/commands/commands_tasks.rb:85:in `server'
	from /usr/lib/ruby/gems/2.4/gems/railties-5.0.2/lib/rails/commands/commands_tasks.rb:49:in `run_command!'
	from /usr/lib/ruby/gems/2.4/gems/railties-5.0.2/lib/rails/commands.rb:18:in `<top (required)>'
	from /home/nuko/build/vivacity/bin/rails:9:in `require'
	from /home/nuko/build/vivacity/bin/rails:9:in `<top (required)>'
	from /usr/lib/ruby/gems/2.4/gems/spring-2.0.1/lib/spring/client/rails.rb:28:in `load'
	from /usr/lib/ruby/gems/2.4/gems/spring-2.0.1/lib/spring/client/rails.rb:28:in `call'
	from /usr/lib/ruby/gems/2.4/gems/spring-2.0.1/lib/spring/client/command.rb:7:in `call'
	from /usr/lib/ruby/gems/2.4/gems/spring-2.0.1/lib/spring/client.rb:30:in `run'
	from /usr/lib/ruby/gems/2.4/gems/spring-2.0.1/bin/spring:49:in `<top (required)>'
	from /usr/lib/ruby/gems/2.4/gems/spring-2.0.1/lib/spring/binstub.rb:31:in `load'
	from /usr/lib/ruby/gems/2.4/gems/spring-2.0.1/lib/spring/binstub.rb:31:in `<top (required)>'
	from /usr/lib/ruby/2.4/rubygems/core_ext/kernel_require.rb:68:in `require'
	from /usr/lib/ruby/2.4/rubygems/core_ext/kernel_require.rb:68:in `require'
	from /home/nuko/build/vivacity/bin/spring:15:in `<top (required)>'
	from bin/rails:3:in `load'
	from bin/rails:3:in `<main>'
